<?xml version="1.0" encoding="UTF-8"?>
<testng-results ignored="0" total="1" passed="1" failed="0" skipped="0">
  <reporter-output>
  </reporter-output>
  <suite started-at="2026-02-27T22:53:58 CST" name="Suite" finished-at="2026-02-27T22:54:03 CST" duration-ms="4142">
    <groups>
    </groups>
    <test started-at="2026-02-27T22:53:58 CST" name="Test" finished-at="2026-02-27T22:54:03 CST" duration-ms="4142">
      <class name="tests.LoginTest">
        <test-method is-config="true" signature="setupReport()[pri:0, instance:tests.LoginTest@6f10d5b6]" started-at="2026-02-27T22:53:58 CST" name="setupReport" finished-at="2026-02-27T22:53:58 CST" duration-ms="317" status="PASS">
          <reporter-output>
          </reporter-output>
        </test-method> <!-- setupReport -->
        <test-method is-config="true" signature="setUp()[pri:0, instance:tests.LoginTest@6f10d5b6]" started-at="2026-02-27T22:53:59 CST" name="setUp" finished-at="2026-02-27T22:54:01 CST" duration-ms="2562" status="PASS">
          <reporter-output>
          </reporter-output>
        </test-method> <!-- setUp -->
        <test-method signature="testValidLogin(java.lang.String,java.lang.String)[pri:0, instance:tests.LoginTest@6f10d5b6]" started-at="2026-02-27T22:54:01 CST" name="testValidLogin" finished-at="2026-02-27T22:54:02 CST" duration-ms="1279" status="PASS">
          <params>
            <param index="0">
              <value>
                <![CDATA[admin@yourstore.com]]>
              </value>
            </param>
            <param index="1">
              <value>
                <![CDATA[admin]]>
              </value>
            </param>
          </params>
          <reporter-output>
          </reporter-output>
        </test-method> <!-- testValidLogin -->
        <test-method is-config="true" signature="tearDown(org.testng.ITestResult)[pri:0, instance:tests.LoginTest@6f10d5b6]" started-at="2026-02-27T22:54:02 CST" name="tearDown" finished-at="2026-02-27T22:54:03 CST" duration-ms="258" status="PASS">
          <params>
            <param index="0">
              <value>
                <![CDATA[[TestResult name=testValidLogin status=SUCCESS method=LoginTest.testValidLogin(java.lang.String,java.lang.String)[pri:0, instance:tests.LoginTest@6f10d5b6] output={null}]]]>
              </value>
            </param>
          </params>
          <reporter-output>
          </reporter-output>
        </test-method> <!-- tearDown -->
        <test-method is-config="true" signature="teardownReport()[pri:0, instance:tests.LoginTest@6f10d5b6]" started-at="2026-02-27T22:54:03 CST" name="teardownReport" finished-at="2026-02-27T22:54:07 CST" duration-ms="4126" status="PASS">
          <reporter-output>
          </reporter-output>
        </test-method> <!-- teardownReport -->
      </class> <!-- tests.LoginTest -->
    </test> <!-- Test -->
  </suite> <!-- Suite -->
</testng-results>
